<?xml version="1.0" encoding="UTF-8"?>
<!-- Generated by org.testng.reporters.JUnitXMLReporter -->
<testsuite ignored="4" hostname="Speed.local" failures="1" tests="3" name="iOS Test Suite" time="101.733" errors="0" timestamp="2025-02-25T17:49:45 IST">
  <testcase classname="Test.SplashScreenTest" name="splashScreenPage" time="11.393"/>
  <testcase classname="Test.LoginTest" name="validatelogin" time="52.204"/>
  <testcase classname="Test.SwapTest" name="validateswap" time="38.046">
    <failure type="java.lang.NullPointerException" message="Cannot read field &amp;quot;back&amp;quot; because &amp;quot;this.cons&amp;quot; is null">
      <![CDATA[java.lang.NullPointerException: Cannot read field "back" because "this.cons" is null
at Page.HistoryPage.verifyhistory(HistoryPage.java:61)
at Page.SwapPage.verifyswap(SwapPage.java:89)
at Test.SwapTest.validateswap(SwapTest.java:10)
at java.base/java.util.ArrayList.forEach(ArrayList.java:1511)
... Removed 27 stack frames]]>
    </failure>
  </testcase> <!-- validateswap -->
  <testcase classname="Test.BaseClass" name="@BeforeSuite setup" time="0.0">
    <ignored/>
  </testcase> <!-- @BeforeSuite setup -->
  <testcase classname="Test.BaseClass" name="@BeforeSuite setup" time="0.0">
    <ignored/>
  </testcase> <!-- @BeforeSuite setup -->
  <testcase classname="Test.BaseClass" name="@AfterSuite close" time="0.0">
    <ignored/>
  </testcase> <!-- @AfterSuite close -->
  <testcase classname="Test.BaseClass" name="@AfterSuite close" time="0.0">
    <ignored/>
  </testcase> <!-- @AfterSuite close -->
</testsuite> <!-- iOS Test Suite -->
